build/app/intermediates/manifest_merge_blame_file/debug/processDebugMainManifest/manifest-merger-blame-debug-report.txt
1<?xml version="1.0" encoding="utf-8"?>
2<manifest xmlns:android="http://schemas.android.com/apk/res/android"
3    package="com.example.nu365"
4    android:versionCode="1"
5    android:versionName="1.0.0" >
6
7    <uses-sdk
8        android:minSdkVersion="21"
9        android:targetSdkVersion="35" />
10    <!--
11         The INTERNET permission is required for development. Specifically,
12         the Flutter tool needs it to communicate with the running application
13         to allow setting breakpoints, to provide hot reload, etc.
14    -->
15    <uses-permission android:name="android.permission.INTERNET" />
15-->src\debug\AndroidManifest.xml:6:5-66
15-->src\debug\AndroidManifest.xml:6:22-64
16    <!--
17     Required to query activities that can process text, see:
18         https://developer.android.com/training/package-visibility and
19         https://developer.android.com/reference/android/content/Intent#ACTION_PROCESS_TEXT.
20
21         In particular, this is used by the Flutter engine in io.flutter.plugin.text.ProcessTextPlugin.
22    -->
23    <queries>
23-->src\main\AndroidManifest.xml:39:5-44:15
24        <intent>
24-->src\main\AndroidManifest.xml:40:9-43:18
25            <action android:name="android.intent.action.PROCESS_TEXT" />
25-->src\main\AndroidManifest.xml:41:13-72
25-->src\main\AndroidManifest.xml:41:21-70
26
27            <data android:mimeType="text/plain" />
27-->src\main\AndroidManifest.xml:42:13-50
27-->src\main\AndroidManifest.xml:42:19-48
28        </intent>
29    </queries>
30
31    <uses-feature android:name="android.hardware.camera.any" />
31-->[:camera_android_camerax] AndroidManifest.xml:7:5-64
31-->[:camera_android_camerax] AndroidManifest.xml:7:19-61
32
33    <uses-permission android:name="android.permission.CAMERA" />
33-->[:camera_android_camerax] AndroidManifest.xml:9:5-65
33-->[:camera_android_camerax] AndroidManifest.xml:9:22-62
34    <uses-permission android:name="android.permission.RECORD_AUDIO" />
34-->[:camera_android_camerax] AndroidManifest.xml:10:5-71
34-->[:camera_android_camerax] AndroidManifest.xml:10:22-68
35    <uses-permission
35-->[:camera_android_camerax] AndroidManifest.xml:11:5-13:38
36        android:name="android.permission.WRITE_EXTERNAL_STORAGE"
36-->[:camera_android_camerax] AndroidManifest.xml:12:9-65
37        android:maxSdkVersion="28" />
37-->[:camera_android_camerax] AndroidManifest.xml:13:9-35
38    <uses-permission android:name="android.permission.READ_EXTERNAL_STORAGE" />
39
40    <permission
40-->[androidx.core:core:1.13.1] AndroidManifest.xml:22:5-24:47
41        android:name="com.example.nu365.DYNAMIC_RECEIVER_NOT_EXPORTED_PERMISSION"
41-->[androidx.core:core:1.13.1] AndroidManifest.xml:23:9-81
42        android:protectionLevel="signature" />
42-->[androidx.core:core:1.13.1] AndroidManifest.xml:24:9-44
43
44    <uses-permission android:name="com.example.nu365.DYNAMIC_RECEIVER_NOT_EXPORTED_PERMISSION" />
44-->[androidx.core:core:1.13.1] AndroidManifest.xml:26:5-97
44-->[androidx.core:core:1.13.1] AndroidManifest.xml:26:22-94
45
46    <application
47        android:name="android.app.Application"
48        android:appComponentFactory="androidx.core.app.CoreComponentFactory"
48-->[androidx.core:core:1.13.1] AndroidManifest.xml:28:18-86
49        android:debuggable="true"
50        android:extractNativeLibs="true"
51        android:icon="@mipmap/launcher_icon"
52        android:label="nu365" >
53        <activity
54            android:name="com.example.nu365.MainActivity"
55            android:configChanges="orientation|keyboardHidden|keyboard|screenSize|smallestScreenSize|locale|layoutDirection|fontScale|screenLayout|density|uiMode"
56            android:exported="true"
57            android:hardwareAccelerated="true"
58            android:launchMode="singleTop"
59            android:taskAffinity=""
60            android:theme="@style/LaunchTheme"
61            android:windowSoftInputMode="adjustResize" >
62
63            <!--
64                 Specifies an Android theme to apply to this Activity as soon as
65                 the Android process has started. This theme is visible to the user
66                 while the Flutter UI initializes. After that, this theme continues
67                 to determine the Window background behind the Flutter UI.
68            -->
69            <meta-data
70                android:name="io.flutter.embedding.android.NormalTheme"
71                android:resource="@style/NormalTheme" />
72
73            <intent-filter>
74                <action android:name="android.intent.action.MAIN" />
75
76                <category android:name="android.intent.category.LAUNCHER" />
77            </intent-filter>
78        </activity>
79        <!--
80             Don't delete the meta-data below.
81             This is used by the Flutter tool to generate GeneratedPluginRegistrant.java
82        -->
83        <meta-data
84            android:name="flutterEmbedding"
85            android:value="2" />
86
87        <service
87-->[androidx.camera:camera-camera2:1.4.1] AndroidManifest.xml:24:9-33:19
88            android:name="androidx.camera.core.impl.MetadataHolderService"
88-->[androidx.camera:camera-camera2:1.4.1] AndroidManifest.xml:25:13-75
89            android:enabled="false"
89-->[androidx.camera:camera-camera2:1.4.1] AndroidManifest.xml:26:13-36
90            android:exported="false" >
90-->[androidx.camera:camera-camera2:1.4.1] AndroidManifest.xml:27:13-37
91            <meta-data
91-->[androidx.camera:camera-camera2:1.4.1] AndroidManifest.xml:30:13-32:89
92                android:name="androidx.camera.core.impl.MetadataHolderService.DEFAULT_CONFIG_PROVIDER"
92-->[androidx.camera:camera-camera2:1.4.1] AndroidManifest.xml:31:17-103
93                android:value="androidx.camera.camera2.Camera2Config$DefaultProvider" />
93-->[androidx.camera:camera-camera2:1.4.1] AndroidManifest.xml:32:17-86
94        </service>
95
96        <provider
96-->[:image_picker_android] AndroidManifest.xml:9:9-17:20
97            android:name="io.flutter.plugins.imagepicker.ImagePickerFileProvider"
97-->[:image_picker_android] AndroidManifest.xml:10:13-82
98            android:authorities="com.example.nu365.flutter.image_provider"
98-->[:image_picker_android] AndroidManifest.xml:11:13-74
99            android:exported="false"
99-->[:image_picker_android] AndroidManifest.xml:12:13-37
100            android:grantUriPermissions="true" >
100-->[:image_picker_android] AndroidManifest.xml:13:13-47
101            <meta-data
101-->[:image_picker_android] AndroidManifest.xml:14:13-16:75
102                android:name="android.support.FILE_PROVIDER_PATHS"
102-->[:image_picker_android] AndroidManifest.xml:15:17-67
103                android:resource="@xml/flutter_image_picker_file_paths" />
103-->[:image_picker_android] AndroidManifest.xml:16:17-72
104        </provider> <!-- Trigger Google Play services to install the backported photo picker module. -->
105        <service
105-->[:image_picker_android] AndroidManifest.xml:19:9-31:19
106            android:name="com.google.android.gms.metadata.ModuleDependencies"
106-->[:image_picker_android] AndroidManifest.xml:20:13-78
107            android:enabled="false"
107-->[:image_picker_android] AndroidManifest.xml:21:13-36
108            android:exported="false" >
108-->[:image_picker_android] AndroidManifest.xml:22:13-37
109            <intent-filter>
109-->[:image_picker_android] AndroidManifest.xml:24:13-26:29
110                <action android:name="com.google.android.gms.metadata.MODULE_DEPENDENCIES" />
110-->[:image_picker_android] AndroidManifest.xml:25:17-94
110-->[:image_picker_android] AndroidManifest.xml:25:25-91
111            </intent-filter>
112
113            <meta-data
113-->[:image_picker_android] AndroidManifest.xml:28:13-30:36
114                android:name="photopicker_activity:0:required"
114-->[:image_picker_android] AndroidManifest.xml:29:17-63
115                android:value="" />
115-->[:image_picker_android] AndroidManifest.xml:30:17-33
116        </service>
117
118        <activity
118-->[:url_launcher_android] AndroidManifest.xml:8:9-11:74
119            android:name="io.flutter.plugins.urllauncher.WebViewActivity"
119-->[:url_launcher_android] AndroidManifest.xml:9:13-74
120            android:exported="false"
120-->[:url_launcher_android] AndroidManifest.xml:10:13-37
121            android:theme="@android:style/Theme.NoTitleBar.Fullscreen" />
121-->[:url_launcher_android] AndroidManifest.xml:11:13-71
122
123        <uses-library
123-->[androidx.window:window:1.2.0] AndroidManifest.xml:23:9-25:40
124            android:name="androidx.window.extensions"
124-->[androidx.window:window:1.2.0] AndroidManifest.xml:24:13-54
125            android:required="false" />
125-->[androidx.window:window:1.2.0] AndroidManifest.xml:25:13-37
126        <uses-library
126-->[androidx.window:window:1.2.0] AndroidManifest.xml:26:9-28:40
127            android:name="androidx.window.sidecar"
127-->[androidx.window:window:1.2.0] AndroidManifest.xml:27:13-51
128            android:required="false" />
128-->[androidx.window:window:1.2.0] AndroidManifest.xml:28:13-37
129
130        <provider
130-->[androidx.lifecycle:lifecycle-process:2.7.0] AndroidManifest.xml:24:9-32:20
131            android:name="androidx.startup.InitializationProvider"
131-->[androidx.lifecycle:lifecycle-process:2.7.0] AndroidManifest.xml:25:13-67
132            android:authorities="com.example.nu365.androidx-startup"
132-->[androidx.lifecycle:lifecycle-process:2.7.0] AndroidManifest.xml:26:13-68
133            android:exported="false" >
133-->[androidx.lifecycle:lifecycle-process:2.7.0] AndroidManifest.xml:27:13-37
134            <meta-data
134-->[androidx.lifecycle:lifecycle-process:2.7.0] AndroidManifest.xml:29:13-31:52
135                android:name="androidx.lifecycle.ProcessLifecycleInitializer"
135-->[androidx.lifecycle:lifecycle-process:2.7.0] AndroidManifest.xml:30:17-78
136                android:value="androidx.startup" />
136-->[androidx.lifecycle:lifecycle-process:2.7.0] AndroidManifest.xml:31:17-49
137            <meta-data
137-->[androidx.profileinstaller:profileinstaller:1.3.1] AndroidManifest.xml:29:13-31:52
138                android:name="androidx.profileinstaller.ProfileInstallerInitializer"
138-->[androidx.profileinstaller:profileinstaller:1.3.1] AndroidManifest.xml:30:17-85
139                android:value="androidx.startup" />
139-->[androidx.profileinstaller:profileinstaller:1.3.1] AndroidManifest.xml:31:17-49
140        </provider>
141
142        <receiver
142-->[androidx.profileinstaller:profileinstaller:1.3.1] AndroidManifest.xml:34:9-52:20
143            android:name="androidx.profileinstaller.ProfileInstallReceiver"
143-->[androidx.profileinstaller:profileinstaller:1.3.1] AndroidManifest.xml:35:13-76
144            android:directBootAware="false"
144-->[androidx.profileinstaller:profileinstaller:1.3.1] AndroidManifest.xml:36:13-44
145            android:enabled="true"
145-->[androidx.profileinstaller:profileinstaller:1.3.1] AndroidManifest.xml:37:13-35
146            android:exported="true"
146-->[androidx.profileinstaller:profileinstaller:1.3.1] AndroidManifest.xml:38:13-36
147            android:permission="android.permission.DUMP" >
147-->[androidx.profileinstaller:profileinstaller:1.3.1] AndroidManifest.xml:39:13-57
148            <intent-filter>
148-->[androidx.profileinstaller:profileinstaller:1.3.1] AndroidManifest.xml:40:13-42:29
149                <action android:name="androidx.profileinstaller.action.INSTALL_PROFILE" />
149-->[androidx.profileinstaller:profileinstaller:1.3.1] AndroidManifest.xml:41:17-91
149-->[androidx.profileinstaller:profileinstaller:1.3.1] AndroidManifest.xml:41:25-88
150            </intent-filter>
151            <intent-filter>
151-->[androidx.profileinstaller:profileinstaller:1.3.1] AndroidManifest.xml:43:13-45:29
152                <action android:name="androidx.profileinstaller.action.SKIP_FILE" />
152-->[androidx.profileinstaller:profileinstaller:1.3.1] AndroidManifest.xml:44:17-85
152-->[androidx.profileinstaller:profileinstaller:1.3.1] AndroidManifest.xml:44:25-82
153            </intent-filter>
154            <intent-filter>
154-->[androidx.profileinstaller:profileinstaller:1.3.1] AndroidManifest.xml:46:13-48:29
155                <action android:name="androidx.profileinstaller.action.SAVE_PROFILE" />
155-->[androidx.profileinstaller:profileinstaller:1.3.1] AndroidManifest.xml:47:17-88
155-->[androidx.profileinstaller:profileinstaller:1.3.1] AndroidManifest.xml:47:25-85
156            </intent-filter>
157            <intent-filter>
157-->[androidx.profileinstaller:profileinstaller:1.3.1] AndroidManifest.xml:49:13-51:29
158                <action android:name="androidx.profileinstaller.action.BENCHMARK_OPERATION" />
158-->[androidx.profileinstaller:profileinstaller:1.3.1] AndroidManifest.xml:50:17-95
158-->[androidx.profileinstaller:profileinstaller:1.3.1] AndroidManifest.xml:50:25-92
159            </intent-filter>
160        </receiver>
161    </application>
162
163</manifest>